<?xml version="1.0" encoding="UTF-8"?>
<!-- Generated by org.testng.reporters.JUnitXMLReporter -->
<testsuite hostname="DNID0694L01" ignored="0" name="Calculator Test" tests="4" failures="0" timestamp="07 May 2020 08:38:07 GMT" time="0.025" errors="0">
  <testcase name="testAdd" time="0.002" classname="com.g2academy.CalculatorTest"/>
  <testcase name="testSubtract" time="0.0" classname="com.g2academy.CalculatorTest"/>
  <testcase name="testMultiply" time="0.0" classname="com.g2academy.CalculatorTest"/>
  <testcase name="testDivide" time="0.0" classname="com.g2academy.CalculatorTest"/>
</testsuite> <!-- Calculator Test -->
