<?xml version="1.0" encoding="UTF-8"?>
<testng-results skipped="0" failed="0" ignored="0" total="4" passed="4">
  <reporter-output>
  </reporter-output>
  <suite name="Calculator Suite" duration-ms="25" started-at="2020-05-07T08:38:06Z" finished-at="2020-05-07T08:38:06Z">
    <groups>
    </groups>
    <test name="Calculator Test" duration-ms="25" started-at="2020-05-07T08:38:06Z" finished-at="2020-05-07T08:38:06Z">
      <class name="com.g2academy.CalculatorTest">
        <test-method status="PASS" signature="suiteInit()[pri:0, instance:com.g2academy.CalculatorTest@721e0f4f]" name="suiteInit" is-config="true" duration-ms="11" started-at="2020-05-07T08:38:06Z" finished-at="2020-05-07T08:38:06Z">
          <reporter-output>
          </reporter-output>
        </test-method> <!-- suiteInit -->
        <test-method status="PASS" signature="classInit()[pri:0, instance:com.g2academy.CalculatorTest@721e0f4f]" name="classInit" is-config="true" duration-ms="1" started-at="2020-05-07T08:38:06Z" finished-at="2020-05-07T08:38:06Z">
          <reporter-output>
          </reporter-output>
        </test-method> <!-- classInit -->
        <test-method status="PASS" signature="testInit()[pri:0, instance:com.g2academy.CalculatorTest@721e0f4f]" name="testInit" is-config="true" duration-ms="0" started-at="2020-05-07T08:38:06Z" finished-at="2020-05-07T08:38:06Z">
          <reporter-output>
          </reporter-output>
        </test-method> <!-- testInit -->
        <test-method status="PASS" signature="testAdd()[pri:0, instance:com.g2academy.CalculatorTest@721e0f4f]" name="testAdd" duration-ms="2" started-at="2020-05-07T08:38:06Z" finished-at="2020-05-07T08:38:06Z">
          <reporter-output>
          </reporter-output>
        </test-method> <!-- testAdd -->
        <test-method status="PASS" signature="testTeardown()[pri:0, instance:com.g2academy.CalculatorTest@721e0f4f]" name="testTeardown" is-config="true" duration-ms="1" started-at="2020-05-07T08:38:06Z" finished-at="2020-05-07T08:38:06Z">
          <reporter-output>
          </reporter-output>
        </test-method> <!-- testTeardown -->
        <test-method status="PASS" signature="testTeardown()[pri:0, instance:com.g2academy.CalculatorTest@721e0f4f]" name="testTeardown" is-config="true" duration-ms="1" started-at="2020-05-07T08:38:06Z" finished-at="2020-05-07T08:38:06Z">
          <reporter-output>
          </reporter-output>
        </test-method> <!-- testTeardown -->
        <test-method status="PASS" signature="testInit()[pri:0, instance:com.g2academy.CalculatorTest@721e0f4f]" name="testInit" is-config="true" duration-ms="0" started-at="2020-05-07T08:38:06Z" finished-at="2020-05-07T08:38:06Z">
          <reporter-output>
          </reporter-output>
        </test-method> <!-- testInit -->
        <test-method status="PASS" signature="testSubtract()[pri:1, instance:com.g2academy.CalculatorTest@721e0f4f]" name="testSubtract" duration-ms="0" started-at="2020-05-07T08:38:06Z" finished-at="2020-05-07T08:38:06Z">
          <reporter-output>
          </reporter-output>
        </test-method> <!-- testSubtract -->
        <test-method status="PASS" signature="testMultiply()[pri:2, instance:com.g2academy.CalculatorTest@721e0f4f]" name="testMultiply" duration-ms="0" started-at="2020-05-07T08:38:06Z" finished-at="2020-05-07T08:38:06Z">
          <reporter-output>
          </reporter-output>
        </test-method> <!-- testMultiply -->
        <test-method status="PASS" signature="testInit()[pri:0, instance:com.g2academy.CalculatorTest@721e0f4f]" name="testInit" is-config="true" duration-ms="0" started-at="2020-05-07T08:38:06Z" finished-at="2020-05-07T08:38:06Z">
          <reporter-output>
          </reporter-output>
        </test-method> <!-- testInit -->
        <test-method status="PASS" signature="testTeardown()[pri:0, instance:com.g2academy.CalculatorTest@721e0f4f]" name="testTeardown" is-config="true" duration-ms="0" started-at="2020-05-07T08:38:06Z" finished-at="2020-05-07T08:38:06Z">
          <reporter-output>
          </reporter-output>
        </test-method> <!-- testTeardown -->
        <test-method status="PASS" signature="testInit()[pri:0, instance:com.g2academy.CalculatorTest@721e0f4f]" name="testInit" is-config="true" duration-ms="0" started-at="2020-05-07T08:38:06Z" finished-at="2020-05-07T08:38:06Z">
          <reporter-output>
          </reporter-output>
        </test-method> <!-- testInit -->
        <test-method status="PASS" signature="testDivide()[pri:3, instance:com.g2academy.CalculatorTest@721e0f4f]" name="testDivide" duration-ms="0" started-at="2020-05-07T08:38:06Z" finished-at="2020-05-07T08:38:06Z">
          <reporter-output>
          </reporter-output>
        </test-method> <!-- testDivide -->
        <test-method status="PASS" signature="testTeardown()[pri:0, instance:com.g2academy.CalculatorTest@721e0f4f]" name="testTeardown" is-config="true" duration-ms="0" started-at="2020-05-07T08:38:06Z" finished-at="2020-05-07T08:38:06Z">
          <reporter-output>
          </reporter-output>
        </test-method> <!-- testTeardown -->
        <test-method status="PASS" signature="classTeardown()[pri:0, instance:com.g2academy.CalculatorTest@721e0f4f]" name="classTeardown" is-config="true" duration-ms="0" started-at="2020-05-07T08:38:06Z" finished-at="2020-05-07T08:38:06Z">
          <reporter-output>
          </reporter-output>
        </test-method> <!-- classTeardown -->
        <test-method status="PASS" signature="suiteTeardown()[pri:0, instance:com.g2academy.CalculatorTest@721e0f4f]" name="suiteTeardown" is-config="true" duration-ms="0" started-at="2020-05-07T08:38:07Z" finished-at="2020-05-07T08:38:07Z">
          <reporter-output>
          </reporter-output>
        </test-method> <!-- suiteTeardown -->
      </class> <!-- com.g2academy.CalculatorTest -->
    </test> <!-- Calculator Test -->
  </suite> <!-- Calculator Suite -->
</testng-results>
